Using pre-set license
Built from '2020.3/staging' branch; Version is '2020.3.13f1 (71691879b7f5) revision 7432472'; Using compiler version '192528614'; Build Type 'Release'
OS: 'Windows 10 Pro; OS build 19041.1165; Version 2004; 64bit' Language: 'ko' Physical Memory: 16300 MB
BatchMode: 1, IsHumanControllingUs: 0, StartBugReporterOnCrash: 0, Is64bit: 1, IsPro: 0

 COMMAND LINE ARGUMENTS:
C:\Program Files\Unity\Hub\Editor\2020.3.13f1\Editor\Unity.exe
-adb2
-batchMode
-noUpm
-name
AssetImportWorker0
-projectPath
C:/Users/user/Unity/Make_A_Game/Roll_A_Boll
-logFile
Logs/AssetImportWorker0.log
-srvPort
12681
Successfully changed project path to: C:/Users/user/Unity/Make_A_Game/Roll_A_Boll
C:/Users/user/Unity/Make_A_Game/Roll_A_Boll
Using Asset Import Pipeline V2.
Refreshing native plugins compatible for Editor in 28.37 ms, found 2 plugins.
Preloading 0 native plugins for Editor in 0.00 ms.
Initialize engine version: 2020.3.13f1 (71691879b7f5)
[Subsystems] Discovering subsystems at path C:/Program Files/Unity/Hub/Editor/2020.3.13f1/Editor/Data/Resources/UnitySubsystems
[Subsystems] Discovering subsystems at path C:/Users/user/Unity/Make_A_Game/Roll_A_Boll/Assets
GfxDevice: creating device client; threaded=0
Direct3D:
    Version:  Direct3D 11.0 [level 11.1]
    Renderer: NVIDIA GeForce GTX 1060 6GB (ID=0x1c06)
    Vendor:   
    VRAM:     6052 MB
    Driver:   27.21.14.5671
Initialize mono
Mono path[0] = 'C:/Program Files/Unity/Hub/Editor/2020.3.13f1/Editor/Data/Managed'
Mono path[1] = 'C:/Program Files/Unity/Hub/Editor/2020.3.13f1/Editor/Data/MonoBleedingEdge/lib/mono/unityjit'
Mono config path = 'C:/Program Files/Unity/Hub/Editor/2020.3.13f1/Editor/Data/MonoBleedingEdge/etc'
Using monoOptions --debugger-agent=transport=dt_socket,embedding=1,server=y,suspend=n,address=127.0.0.1:56004
Begin MonoManager ReloadAssembly
Registering precompiled unity dll's ...
Register platform support module: C:/Program Files/Unity/Hub/Editor/2020.3.13f1/Editor/Data/PlaybackEngines/WebGLSupport/UnityEditor.WebGL.Extensions.dll
Register platform support module: C:/Program Files/Unity/Hub/Editor/2020.3.13f1/Editor/Data/PlaybackEngines/WindowsStandaloneSupport/UnityEditor.WindowsStandalone.Extensions.dll
Registered in 0.002735 seconds.
Native extension for WindowsStandalone target not found
Native extension for WebGL target not found
Refreshing native plugins compatible for Editor in 25.92 ms, found 2 plugins.
Preloading 0 native plugins for Editor in 0.00 ms.
Mono: successfully reloaded assembly
- Completed reload, in  1.902 seconds
Platform modules already initialized, skipping
Registering precompiled user dll's ...
Registered in 0.004820 seconds.
Begin MonoManager ReloadAssembly
Native extension for WindowsStandalone target not found
Native extension for WebGL target not found
Refreshing native plugins compatible for Editor in 0.27 ms, found 2 plugins.
Preloading 0 native plugins for Editor in 0.00 ms.
Mono: successfully reloaded assembly
- Completed reload, in  0.986 seconds
Platform modules already initialized, skipping
========================================================================
Worker process is ready to serve import requests
Launched and connected shader compiler UnityShaderCompiler.exe after 0.05 seconds
Refreshing native plugins compatible for Editor in 0.28 ms, found 2 plugins.
Preloading 0 native plugins for Editor in 0.00 ms.
Unloading 1396 Unused Serialized files (Serialized files now loaded: 0)
System memory in use before: 65.0 MB.
System memory in use after: 65.1 MB.

Unloading 19 unused Assets to reduce memory usage. Loaded Objects now: 1829.
Total: 1.768900 ms (FindLiveObjects: 0.140000 ms CreateObjectMapping: 0.043600 ms MarkObjects: 1.511400 ms  DeleteObjects: 0.072900 ms)

AssetImportParameters requested are different than current active one (requested -> active):
  custom:framework-win-MediaFoundation: 216162199b28c13a410421893ffa2e32 -> 
  custom:video-decoder-ogg-theora: a1e56fd34408186e4bbccfd4996cb3dc -> 
  custom:container-muxer-webm: aa71ff27fc2769a1b78a27578f13a17b -> 
  custom:container-demuxer-webm: 4f35f7cbe854078d1ac9338744f61a02 -> 
  custom:container-demuxer-ogg: 62fdf1f143b41e24485cea50d1cbac27 -> 
  custom:video-encoder-webm-vp8: eb34c28f22e8b96e1ab97ce403110664 -> 
  custom:video-decoder-webm-vp8: 9c59270c3fd7afecdb556c50c9e8de78 -> 
  custom:audio-decoder-ogg-vorbis: bf7c407c2cedff20999df2af8eb42d56 -> 
  custom:audio-encoder-webm-vorbis: bf7c407c2cedff20999df2af8eb42d56 -> 
========================================================================
Received Import Request.
  path: Assets/Materials/BackGround.mat
  artifactKey: Guid(bd7edcb080f62754b85f98d91dcb19de) Importer(815301076,1909f56bfc062723c751e8b465ee728b)
Start importing Assets/Materials/BackGround.mat using Guid(bd7edcb080f62754b85f98d91dcb19de) Importer(815301076,1909f56bfc062723c751e8b465ee728b)  -> (artifact id: '28f987f8f72690bc5975f42987838201') in 0.127338 seconds 
  Import took 0.129632 seconds .

========================================================================
Received Import Request.
  Time since last request: 0.000293 seconds.
  path: Assets/Materials/Obstacle.mat
  artifactKey: Guid(17b848da87894c64ea19a2cdd903b6d3) Importer(815301076,1909f56bfc062723c751e8b465ee728b)
Start importing Assets/Materials/Obstacle.mat using Guid(17b848da87894c64ea19a2cdd903b6d3) Importer(815301076,1909f56bfc062723c751e8b465ee728b)  -> (artifact id: 'efcafdeae971ce80a6d65ed451249d78') in 0.013443 seconds 
  Import took 0.015610 seconds .

========================================================================
Received Import Request.
  Time since last request: 0.000231 seconds.
  path: Assets/Materials/Cube.mat
  artifactKey: Guid(59e39bf44d10c0a438e582a28266b6ee) Importer(815301076,1909f56bfc062723c751e8b465ee728b)
Start importing Assets/Materials/Cube.mat using Guid(59e39bf44d10c0a438e582a28266b6ee) Importer(815301076,1909f56bfc062723c751e8b465ee728b)  -> (artifact id: 'f3ea74136a3193b8a73d0999639e4e02') in 0.017242 seconds 
  Import took 0.019667 seconds .

========================================================================
Received Import Request.
  Time since last request: 88.069450 seconds.
  path: Assets/Prefabs/Cube.prefab
  artifactKey: Guid(40e0856b774de3247bc00869da934868) Importer(815301076,1909f56bfc062723c751e8b465ee728b)
Start importing Assets/Prefabs/Cube.prefab using Guid(40e0856b774de3247bc00869da934868) Importer(815301076,1909f56bfc062723c751e8b465ee728b)  -> (artifact id: '981a1279108d333374d35a69d51749dc') in 0.020717 seconds 
  Import took 0.024301 seconds .

========================================================================
Received Import Request.
  Time since last request: 4.145528 seconds.
  path: Assets/Scenes/Main.unity
  artifactKey: Guid(cda087e4f5341db4090a298b8bf28c15) Importer(815301076,1909f56bfc062723c751e8b465ee728b)
Start importing Assets/Scenes/Main.unity using Guid(cda087e4f5341db4090a298b8bf28c15) Importer(815301076,1909f56bfc062723c751e8b465ee728b)  -> (artifact id: '27497526ec9fd97d5e21a32ce7c3b490') in 0.007127 seconds 
  Import took 0.009240 seconds .

========================================================================
Received Import Request.
  Time since last request: 0.492181 seconds.
  path: Assets/Scenes
  artifactKey: Guid(f6afc382275c3ab45a79bebca881598c) Importer(815301076,1909f56bfc062723c751e8b465ee728b)
Start importing Assets/Scenes using Guid(f6afc382275c3ab45a79bebca881598c) Importer(815301076,1909f56bfc062723c751e8b465ee728b)  -> (artifact id: '2914bcf67f35847d1e35a308dd866436') in 0.005627 seconds 
  Import took 0.007931 seconds .

========================================================================
Received Import Request.
  Time since last request: 6.545307 seconds.
  path: Assets/Scenes/Start.unity
  artifactKey: Guid(8b30dfa14c67fce4eacdcdb981b0c5dc) Importer(815301076,1909f56bfc062723c751e8b465ee728b)
Start importing Assets/Scenes/Start.unity using Guid(8b30dfa14c67fce4eacdcdb981b0c5dc) Importer(815301076,1909f56bfc062723c751e8b465ee728b)  -> (artifact id: 'ca7f689aaebc75a4b297fc81d557928e') in 0.006708 seconds 
  Import took 0.009522 seconds .

========================================================================
Received Import Request.
  Time since last request: 389.677086 seconds.
  path: Assets/Image/star.png
  artifactKey: Guid(6ac3434447ce4a3418c70c4e824b7718) Importer(815301076,1909f56bfc062723c751e8b465ee728b)
Start importing Assets/Image/star.png using Guid(6ac3434447ce4a3418c70c4e824b7718) Importer(815301076,1909f56bfc062723c751e8b465ee728b)  -> (artifact id: 'c06a5a5bbce7321f979e4e4b6bc967a8') in 0.075357 seconds 
  Import took 0.077791 seconds .

========================================================================
Received Import Request.
  Time since last request: 0.000279 seconds.
  path: Assets/Image/star_background 1.png
  artifactKey: Guid(a0f7b9045c98a914b9518bdf726c0f01) Importer(815301076,1909f56bfc062723c751e8b465ee728b)
Start importing Assets/Image/star_background 1.png using Guid(a0f7b9045c98a914b9518bdf726c0f01) Importer(815301076,1909f56bfc062723c751e8b465ee728b)  -> (artifact id: 'df4a7a59ff21664ab4e407534704c793') in 0.010322 seconds 
  Import took 0.012432 seconds .

========================================================================
Received Import Request.
  Time since last request: 0.000265 seconds.
  path: Assets/Image/star_background.png
  artifactKey: Guid(9527b0a05fa03a24189968c2baa319be) Importer(815301076,1909f56bfc062723c751e8b465ee728b)
Start importing Assets/Image/star_background.png using Guid(9527b0a05fa03a24189968c2baa319be) Importer(815301076,1909f56bfc062723c751e8b465ee728b)  -> (artifact id: 'e6f574b711aea52eeddca52184a1f398') in 0.010169 seconds 
  Import took 0.016455 seconds .

========================================================================
Received Import Request.
  Time since last request: 4.142656 seconds.
  path: Assets/Image/medicine-ball.png
  artifactKey: Guid(064a36f37acc10c4388e73c21bff3354) Importer(815301076,1909f56bfc062723c751e8b465ee728b)
Start importing Assets/Image/medicine-ball.png using Guid(064a36f37acc10c4388e73c21bff3354) Importer(815301076,1909f56bfc062723c751e8b465ee728b)  -> (artifact id: '19e5a6991b107799a2481928da97ed15') in 0.012201 seconds 
  Import took 0.014447 seconds .

========================================================================
Received Import Request.
  Time since last request: 0.000246 seconds.
  path: Assets/Image/medicine-ball_color.png
  artifactKey: Guid(5a04265ae2fc9fc44a0848b604b95458) Importer(815301076,1909f56bfc062723c751e8b465ee728b)
Start importing Assets/Image/medicine-ball_color.png using Guid(5a04265ae2fc9fc44a0848b604b95458) Importer(815301076,1909f56bfc062723c751e8b465ee728b)  -> (artifact id: '6d01670d8b6bb69a555f8049364c415d') in 0.016251 seconds 
  Import took 0.018364 seconds .

========================================================================
Received Import Request.
  Time since last request: 0.000220 seconds.
  path: Assets/Image/medicine-ball.png
  artifactKey: Guid(064a36f37acc10c4388e73c21bff3354) Importer(815301076,1909f56bfc062723c751e8b465ee728b)
Start importing Assets/Image/medicine-ball.png using Guid(064a36f37acc10c4388e73c21bff3354) Importer(815301076,1909f56bfc062723c751e8b465ee728b)  -> (artifact id: '19e5a6991b107799a2481928da97ed15') in 0.009665 seconds 
  Import took 0.011813 seconds .

AssetImportWorkerClient::OnTransportError - code=2 error=End of file
